<?xml version="1.0" encoding="UTF-8"?>
<testng-results ignored="0" total="1" passed="1" failed="0" skipped="0">
  <reporter-output>
  </reporter-output>
  <suite started-at="2023-04-24T09:43:31 EDT" name="Default suite" finished-at="2023-04-24T09:50:30 EDT" duration-ms="419316">
    <groups>
    </groups>
    <test started-at="2023-04-24T09:43:31 EDT" name="Default test" finished-at="2023-04-24T09:50:30 EDT" duration-ms="419316">
      <class name="com.employerContibution.EE.EE_02_005_CSR_Can_Register_Agriculture_Limited_liability_Partnership">
        <test-method is-config="true" signature="setup(java.lang.String)[pri:0, instance:com.employerContibution.EE.EE_02_005_CSR_Can_Register_Agriculture_Limited_liability_Partnership@a8ef162]" started-at="2023-04-24T09:43:31 EDT" name="setup" finished-at="2023-04-24T09:43:41 EDT" duration-ms="9747" status="PASS">
          <params>
            <param index="0">
              <value>
                <![CDATA[browser]]>
              </value>
            </param>
          </params>
          <reporter-output>
          </reporter-output>
        </test-method> <!-- setup -->
        <test-method signature="EE_02_004()[pri:0, instance:com.employerContibution.EE.EE_02_005_CSR_Can_Register_Agriculture_Limited_liability_Partnership@a8ef162]" started-at="2023-04-24T09:43:41 EDT" name="EE_02_004" finished-at="2023-04-24T09:50:29 EDT" duration-ms="408169" status="PASS">
          <reporter-output>
          </reporter-output>
        </test-method> <!-- EE_02_004 -->
        <test-method is-config="true" signature="tearDownCT_ST()[pri:0, instance:com.employerContibution.EE.EE_02_005_CSR_Can_Register_Agriculture_Limited_liability_Partnership@a8ef162]" started-at="2023-04-24T09:50:29 EDT" name="tearDownCT_ST" finished-at="2023-04-24T09:50:30 EDT" duration-ms="1354" status="PASS">
          <reporter-output>
          </reporter-output>
        </test-method> <!-- tearDownCT_ST -->
      </class> <!-- com.employerContibution.EE.EE_02_005_CSR_Can_Register_Agriculture_Limited_liability_Partnership -->
    </test> <!-- Default test -->
  </suite> <!-- Default suite -->
</testng-results>
